<?xml version="1.0" encoding="UTF-8"?>
<testsuite name="ru.ac.uniyar.testingcourse.CounterTest" tests="2" skipped="0" failures="0" errors="0" timestamp="2023-12-28T06:17:46" hostname="DESKTOP-8ROH033" time="0.065">
  <properties/>
  <testcase name="testReset()" classname="ru.ac.uniyar.testingcourse.CounterTest" time="0.036"/>
  <testcase name="testConstructor()" classname="ru.ac.uniyar.testingcourse.CounterTest" time="0.024"/>
  <system-out><![CDATA[]]></system-out>
  <system-err><![CDATA[]]></system-err>
</testsuite>
